2026-03-17 11:24:07,060 - calibration - INFO - ==================================================
2026-03-17 11:24:07,060 - calibration - INFO - ЗАПУСК ОБНОВЛЕНИЯ КАЛИБРОВКИ
2026-03-17 11:24:07,060 - calibration - INFO - ==================================================
2026-03-17 11:24:07,060 - calibration - INFO - Резервная копия создана: backups/calibration/calibration_20260317_112407.json
2026-03-17 11:24:07,060 - calibration - INFO - Загружено 3 матчей из истории
2026-03-17 11:24:07,060 - calibration - INFO - Команда Ак Барс: 35.0 бросков (1 игр)
2026-03-17 11:24:07,060 - calibration - INFO - Команда Салават Юлаев: 28.0 бросков (1 игр)
2026-03-17 11:24:07,060 - calibration - INFO - Команда Нью-Йорк Рейнджерс: 32.0 бросков (1 игр)
2026-03-17 11:24:07,060 - calibration - INFO - Команда Бостон Брюинз: 28.0 бросков (1 игр)
2026-03-17 11:24:07,061 - calibration - INFO - Команда Торонто Мэйпл Лифс: 35.0 бросков (1 игр)
2026-03-17 11:24:07,061 - calibration - INFO - Команда Монреаль Канадиенс: 31.0 бросков (1 игр)
2026-03-17 11:24:07,061 - calibration - INFO - Обновлена калибровка для Ак Барс
2026-03-17 11:24:07,061 - calibration - INFO - Обновлена калибровка для Салават Юлаев
2026-03-17 11:24:07,061 - calibration - INFO - Обновлена калибровка для Нью-Йорк Рейнджерс
2026-03-17 11:24:07,061 - calibration - INFO - Обновлена калибровка для Бостон Брюинз
2026-03-17 11:24:07,061 - calibration - INFO - Обновлена калибровка для Торонто Мэйпл Лифс
2026-03-17 11:24:07,061 - calibration - INFO - Обновлена калибровка для Монреаль Канадиенс
2026-03-17 11:24:07,061 - calibration - INFO - Сохранено в calibration.json
2026-03-17 11:24:07,062 - calibration - INFO - ✅ Калибровка обновлена для 6 команд
2026-03-17 11:24:07,062 - calibration - INFO - ✅ Обновление калибровки успешно завершено
