2026-03-17 11:24:06,902 - khl_collector - INFO - Директории созданы: data/khl
2026-03-17 11:24:06,902 - khl_collector - INFO - ==================================================
2026-03-17 11:24:06,903 - khl_collector - INFO - ЗАПУСК СБОРА ДАННЫХ КХЛ
2026-03-17 11:24:06,903 - khl_collector - INFO - ==================================================
2026-03-17 11:24:06,903 - khl_collector - INFO - Собрано 2 матчей КХЛ
2026-03-17 11:24:06,903 - khl_collector - INFO - Сохранено в data/khl/today.json
2026-03-17 11:24:06,903 - khl_collector - INFO - Добавлен новый матч: Ак Барс vs Салават Юлаев
2026-03-17 11:24:06,903 - khl_collector - INFO - История обновлена. Всего матчей: 1
2026-03-17 11:24:06,903 - khl_collector - INFO - ✅ Сбор данных КХЛ успешно завершён
2026-03-17 12:07:11,227 - khl_collector - INFO - Директории созданы: data/khl
2026-03-17 12:07:11,227 - khl_collector - INFO - ==================================================
2026-03-17 12:07:11,227 - khl_collector - INFO - ЗАПУСК СБОРА ДАННЫХ КХЛ
2026-03-17 12:07:11,227 - khl_collector - INFO - ==================================================
2026-03-17 12:07:11,227 - khl_collector - INFO - Собрано 2 матчей КХЛ
2026-03-17 12:07:11,227 - khl_collector - INFO - Сохранено в data/khl/today.json
2026-03-17 12:07:11,228 - khl_collector - INFO - История обновлена. Всего матчей: 3
2026-03-17 12:07:11,228 - khl_collector - INFO - ✅ Сбор данных КХЛ успешно завершён
2026-03-17 13:00:45,130 - khl_collector - INFO - Директории созданы: data/khl
2026-03-17 13:00:45,130 - khl_collector - INFO - ==================================================
2026-03-17 13:00:45,130 - khl_collector - INFO - ЗАПУСК СБОРА ДАННЫХ КХЛ (РЕАЛЬНЫЙ ПАРСИНГ)
2026-03-17 13:00:45,131 - khl_collector - INFO - ==================================================
2026-03-17 13:00:45,131 - khl_collector - INFO - Запрос календаря: https://text.khl.ru/api/calendar/2026-03-17
2026-03-17 13:00:46,504 - khl_collector - ERROR - Ошибка получения календаря: Expecting value: line 1 column 3 (char 2)
2026-03-17 13:00:46,505 - khl_collector - INFO - На 2026-03-17 матчей не найдено
2026-03-17 13:00:46,505 - khl_collector - WARNING - Нет матчей для обработки
2026-03-17 13:16:58,444 - khl_collector - INFO - Директории созданы: data/khl
2026-03-17 13:16:58,444 - khl_collector - INFO - ==================================================
2026-03-17 13:16:58,445 - khl_collector - INFO - ЗАПУСК СБОРА ДАННЫХ КХЛ (РЕАЛЬНЫЙ ПАРСИНГ)
2026-03-17 13:16:58,445 - khl_collector - INFO - ==================================================
2026-03-17 13:16:58,445 - khl_collector - INFO - Запрос календаря: https://text.khl.ru/api/calendar/2026-03-17
2026-03-17 13:17:00,144 - khl_collector - ERROR - Ошибка получения календаря: Expecting value: line 1 column 3 (char 2)
2026-03-17 13:17:00,145 - khl_collector - INFO - На 2026-03-17 матчей не найдено
2026-03-17 13:17:00,145 - khl_collector - WARNING - Нет матчей для обработки
