2026-03-17 11:24:06,957 - nhl_collector - INFO - Директории созданы: data/nhl
2026-03-17 11:24:06,957 - nhl_collector - INFO - ==================================================
2026-03-17 11:24:06,957 - nhl_collector - INFO - ЗАПУСК СБОРА ДАННЫХ НХЛ
2026-03-17 11:24:06,957 - nhl_collector - INFO - ==================================================
2026-03-17 11:24:06,957 - nhl_collector - INFO - Собрано 3 матчей НХЛ
2026-03-17 11:24:06,958 - nhl_collector - INFO - Сохранено в data/nhl/today.json
2026-03-17 11:24:06,958 - nhl_collector - INFO - Добавлен новый матч: Нью-Йорк Рейнджерс vs Бостон Брюинз
2026-03-17 11:24:06,958 - nhl_collector - INFO - Добавлен новый матч: Торонто Мэйпл Лифс vs Монреаль Канадиенс
2026-03-17 11:24:06,958 - nhl_collector - INFO - История обновлена. Всего матчей: 3
2026-03-17 11:24:06,958 - nhl_collector - INFO - ✅ Сбор данных НХЛ успешно завершён
2026-03-17 12:07:11,278 - nhl_collector - INFO - Директории созданы: data/nhl
2026-03-17 12:07:11,278 - nhl_collector - INFO - ==================================================
2026-03-17 12:07:11,278 - nhl_collector - INFO - ЗАПУСК СБОРА ДАННЫХ НХЛ
2026-03-17 12:07:11,278 - nhl_collector - INFO - ==================================================
2026-03-17 12:07:11,278 - nhl_collector - INFO - Собрано 3 матчей НХЛ
2026-03-17 12:07:11,278 - nhl_collector - INFO - Сохранено в data/nhl/today.json
2026-03-17 12:07:11,279 - nhl_collector - INFO - История обновлена. Всего матчей: 3
2026-03-17 12:07:11,279 - nhl_collector - INFO - ✅ Сбор данных НХЛ успешно завершён
2026-03-17 13:00:46,569 - nhl_collector - INFO - Директории созданы: data/nhl
2026-03-17 13:00:46,569 - nhl_collector - INFO - ==================================================
2026-03-17 13:00:46,569 - nhl_collector - INFO - ЗАПУСК СБОРА ДАННЫХ НХЛ
2026-03-17 13:00:46,569 - nhl_collector - INFO - ==================================================
2026-03-17 13:00:46,569 - nhl_collector - INFO - Собрано 3 матчей НХЛ
2026-03-17 13:00:46,570 - nhl_collector - INFO - Сохранено в data/nhl/today.json
2026-03-17 13:00:46,570 - nhl_collector - INFO - История обновлена. Всего матчей: 3
2026-03-17 13:00:46,570 - nhl_collector - INFO - ✅ Сбор данных НХЛ успешно завершён
2026-03-17 13:17:00,289 - nhl_collector - INFO - Директории созданы: data/nhl
2026-03-17 13:17:00,289 - nhl_collector - INFO - ==================================================
2026-03-17 13:17:00,289 - nhl_collector - INFO - ЗАПУСК СБОРА ДАННЫХ НХЛ
2026-03-17 13:17:00,289 - nhl_collector - INFO - ==================================================
2026-03-17 13:17:00,289 - nhl_collector - INFO - Запрос расписания: https://api-web.nhle.com/v1/schedule/2026-03-17
2026-03-17 13:17:00,477 - nhl_collector - INFO - Получено расписание на 2026-03-17
2026-03-17 13:17:00,478 - nhl_collector - INFO - Найдено матчей в расписании: 52
2026-03-17 13:17:00,478 - nhl_collector - INFO - Обработка матча ID: 2025021068
2026-03-17 13:17:01,478 - nhl_collector - INFO - Запрос статистики матча 2025021068
2026-03-17 13:17:01,587 - nhl_collector - WARNING - Не удалось определить названия команд для матча 2025021068
2026-03-17 13:17:01,587 - nhl_collector - INFO - Обработка матча ID: 2025021069
2026-03-17 13:17:02,588 - nhl_collector - INFO - Запрос статистики матча 2025021069
2026-03-17 13:17:02,678 - nhl_collector - WARNING - Не удалось определить названия команд для матча 2025021069
2026-03-17 13:17:02,679 - nhl_collector - INFO - Обработка матча ID: 2025021070
2026-03-17 13:17:03,679 - nhl_collector - INFO - Запрос статистики матча 2025021070
2026-03-17 13:17:03,750 - nhl_collector - WARNING - Не удалось определить названия команд для матча 2025021070
2026-03-17 13:17:03,751 - nhl_collector - INFO - Обработка матча ID: 2025021072
2026-03-17 13:17:04,751 - nhl_collector - INFO - Запрос статистики матча 2025021072
2026-03-17 13:17:04,799 - nhl_collector - WARNING - Не удалось определить названия команд для матча 2025021072
2026-03-17 13:17:04,799 - nhl_collector - INFO - Обработка матча ID: 2025021071
2026-03-17 13:17:05,799 - nhl_collector - INFO - Запрос статистики матча 2025021071
2026-03-17 13:17:05,883 - nhl_collector - WARNING - Не удалось определить названия команд для матча 2025021071
2026-03-17 13:17:05,884 - nhl_collector - INFO - Обработка матча ID: 2025021073
2026-03-17 13:17:06,884 - nhl_collector - INFO - Запрос статистики матча 2025021073
2026-03-17 13:17:07,020 - nhl_collector - WARNING - Не удалось определить названия команд для матча 2025021073
2026-03-17 13:17:07,020 - nhl_collector - INFO - Обработка матча ID: 2025021074
2026-03-17 13:17:08,020 - nhl_collector - INFO - Запрос статистики матча 2025021074
2026-03-17 13:17:08,121 - nhl_collector - WARNING - Не удалось определить названия команд для матча 2025021074
2026-03-17 13:17:08,121 - nhl_collector - INFO - Обработка матча ID: 2025021075
2026-03-17 13:17:09,122 - nhl_collector - INFO - Запрос статистики матча 2025021075
2026-03-17 13:17:09,205 - nhl_collector - WARNING - Не удалось определить названия команд для матча 2025021075
2026-03-17 13:17:09,206 - nhl_collector - INFO - Обработка матча ID: 2025021076
2026-03-17 13:17:10,206 - nhl_collector - INFO - Запрос статистики матча 2025021076
2026-03-17 13:17:10,300 - nhl_collector - WARNING - Не удалось определить названия команд для матча 2025021076
2026-03-17 13:17:10,301 - nhl_collector - INFO - Обработка матча ID: 2025021077
2026-03-17 13:17:11,301 - nhl_collector - INFO - Запрос статистики матча 2025021077
2026-03-17 13:17:11,485 - nhl_collector - WARNING - Не удалось определить названия команд для матча 2025021077
2026-03-17 13:17:11,485 - nhl_collector - INFO - Обработка матча ID: 2025021078
2026-03-17 13:17:12,485 - nhl_collector - INFO - Запрос статистики матча 2025021078
2026-03-17 13:17:12,677 - nhl_collector - WARNING - Не удалось определить названия команд для матча 2025021078
2026-03-17 13:17:12,677 - nhl_collector - INFO - Обработка матча ID: 2025021079
2026-03-17 13:17:13,677 - nhl_collector - INFO - Запрос статистики матча 2025021079
2026-03-17 13:17:13,889 - nhl_collector - WARNING - Не удалось определить названия команд для матча 2025021079
2026-03-17 13:17:13,889 - nhl_collector - INFO - Обработка матча ID: 2025021080
2026-03-17 13:17:14,889 - nhl_collector - INFO - Запрос статистики матча 2025021080
2026-03-17 13:17:15,112 - nhl_collector - WARNING - Не удалось определить названия команд для матча 2025021080
2026-03-17 13:17:15,112 - nhl_collector - INFO - Обработка матча ID: 2025021081
2026-03-17 13:17:16,112 - nhl_collector - INFO - Запрос статистики матча 2025021081
2026-03-17 13:17:16,297 - nhl_collector - WARNING - Не удалось определить названия команд для матча 2025021081
2026-03-17 13:17:16,297 - nhl_collector - INFO - Обработка матча ID: 2025021082
2026-03-17 13:17:17,297 - nhl_collector - INFO - Запрос статистики матча 2025021082
2026-03-17 13:17:17,484 - nhl_collector - WARNING - Не удалось определить названия команд для матча 2025021082
2026-03-17 13:17:17,484 - nhl_collector - INFO - Обработка матча ID: 2025021083
2026-03-17 13:17:18,485 - nhl_collector - INFO - Запрос статистики матча 2025021083
2026-03-17 13:17:18,675 - nhl_collector - WARNING - Не удалось определить названия команд для матча 2025021083
2026-03-17 13:17:18,675 - nhl_collector - INFO - Обработка матча ID: 2025021084
2026-03-17 13:17:19,676 - nhl_collector - INFO - Запрос статистики матча 2025021084
2026-03-17 13:17:19,789 - nhl_collector - WARNING - Не удалось определить названия команд для матча 2025021084
2026-03-17 13:17:19,789 - nhl_collector - INFO - Обработка матча ID: 2025021085
2026-03-17 13:17:20,790 - nhl_collector - INFO - Запрос статистики матча 2025021085
2026-03-17 13:17:21,011 - nhl_collector - WARNING - Не удалось определить названия команд для матча 2025021085
2026-03-17 13:17:21,011 - nhl_collector - INFO - Обработка матча ID: 2025021086
2026-03-17 13:17:22,011 - nhl_collector - INFO - Запрос статистики матча 2025021086
2026-03-17 13:17:22,094 - nhl_collector - WARNING - Не удалось определить названия команд для матча 2025021086
2026-03-17 13:17:22,095 - nhl_collector - INFO - Обработка матча ID: 2025021088
2026-03-17 13:17:23,095 - nhl_collector - INFO - Запрос статистики матча 2025021088
2026-03-17 13:17:23,178 - nhl_collector - WARNING - Не удалось определить названия команд для матча 2025021088
2026-03-17 13:17:23,179 - nhl_collector - INFO - Обработка матча ID: 2025021087
2026-03-17 13:17:24,179 - nhl_collector - INFO - Запрос статистики матча 2025021087
2026-03-17 13:17:24,254 - nhl_collector - WARNING - Не удалось определить названия команд для матча 2025021087
2026-03-17 13:17:24,254 - nhl_collector - INFO - Обработка матча ID: 2025021089
2026-03-17 13:17:25,254 - nhl_collector - INFO - Запрос статистики матча 2025021089
2026-03-17 13:17:25,331 - nhl_collector - WARNING - Не удалось определить названия команд для матча 2025021089
2026-03-17 13:17:25,331 - nhl_collector - INFO - Обработка матча ID: 2025021090
2026-03-17 13:17:26,332 - nhl_collector - INFO - Запрос статистики матча 2025021090
2026-03-17 13:17:26,414 - nhl_collector - WARNING - Не удалось определить названия команд для матча 2025021090
2026-03-17 13:17:26,414 - nhl_collector - INFO - Обработка матча ID: 2025021091
2026-03-17 13:17:27,415 - nhl_collector - INFO - Запрос статистики матча 2025021091
2026-03-17 13:17:27,501 - nhl_collector - WARNING - Не удалось определить названия команд для матча 2025021091
2026-03-17 13:17:27,501 - nhl_collector - INFO - Обработка матча ID: 2025021092
2026-03-17 13:17:28,501 - nhl_collector - INFO - Запрос статистики матча 2025021092
2026-03-17 13:17:28,574 - nhl_collector - WARNING - Не удалось определить названия команд для матча 2025021092
2026-03-17 13:17:28,574 - nhl_collector - INFO - Обработка матча ID: 2025021093
2026-03-17 13:17:29,574 - nhl_collector - INFO - Запрос статистики матча 2025021093
2026-03-17 13:17:29,677 - nhl_collector - WARNING - Не удалось определить названия команд для матча 2025021093
2026-03-17 13:17:29,677 - nhl_collector - INFO - Обработка матча ID: 2025021094
2026-03-17 13:17:30,677 - nhl_collector - INFO - Запрос статистики матча 2025021094
2026-03-17 13:17:30,754 - nhl_collector - WARNING - Не удалось определить названия команд для матча 2025021094
2026-03-17 13:17:30,754 - nhl_collector - INFO - Обработка матча ID: 2025021095
2026-03-17 13:17:31,754 - nhl_collector - INFO - Запрос статистики матча 2025021095
2026-03-17 13:17:31,848 - nhl_collector - WARNING - Не удалось определить названия команд для матча 2025021095
2026-03-17 13:17:31,848 - nhl_collector - INFO - Обработка матча ID: 2025021096
2026-03-17 13:17:32,848 - nhl_collector - INFO - Запрос статистики матча 2025021096
2026-03-17 13:17:32,931 - nhl_collector - WARNING - Не удалось определить названия команд для матча 2025021096
2026-03-17 13:17:32,931 - nhl_collector - INFO - Обработка матча ID: 2025021097
2026-03-17 13:17:33,932 - nhl_collector - INFO - Запрос статистики матча 2025021097
2026-03-17 13:17:34,012 - nhl_collector - WARNING - Не удалось определить названия команд для матча 2025021097
2026-03-17 13:17:34,012 - nhl_collector - INFO - Обработка матча ID: 2025021098
2026-03-17 13:17:35,012 - nhl_collector - INFO - Запрос статистики матча 2025021098
2026-03-17 13:17:35,101 - nhl_collector - WARNING - Не удалось определить названия команд для матча 2025021098
2026-03-17 13:17:35,102 - nhl_collector - INFO - Обработка матча ID: 2025021099
2026-03-17 13:17:36,102 - nhl_collector - INFO - Запрос статистики матча 2025021099
2026-03-17 13:17:36,195 - nhl_collector - WARNING - Не удалось определить названия команд для матча 2025021099
2026-03-17 13:17:36,195 - nhl_collector - INFO - Обработка матча ID: 2025021100
2026-03-17 13:17:37,195 - nhl_collector - INFO - Запрос статистики матча 2025021100
2026-03-17 13:17:37,284 - nhl_collector - WARNING - Не удалось определить названия команд для матча 2025021100
2026-03-17 13:17:37,285 - nhl_collector - INFO - Обработка матча ID: 2025021101
2026-03-17 13:17:38,285 - nhl_collector - INFO - Запрос статистики матча 2025021101
2026-03-17 13:17:38,375 - nhl_collector - WARNING - Не удалось определить названия команд для матча 2025021101
2026-03-17 13:17:38,375 - nhl_collector - INFO - Обработка матча ID: 2025021102
2026-03-17 13:17:39,375 - nhl_collector - INFO - Запрос статистики матча 2025021102
2026-03-17 13:17:39,464 - nhl_collector - WARNING - Не удалось определить названия команд для матча 2025021102
2026-03-17 13:17:39,464 - nhl_collector - INFO - Обработка матча ID: 2025021103
2026-03-17 13:17:40,464 - nhl_collector - INFO - Запрос статистики матча 2025021103
2026-03-17 13:17:40,630 - nhl_collector - WARNING - Не удалось определить названия команд для матча 2025021103
2026-03-17 13:17:40,631 - nhl_collector - INFO - Обработка матча ID: 2025021104
2026-03-17 13:17:41,631 - nhl_collector - INFO - Запрос статистики матча 2025021104
2026-03-17 13:17:41,813 - nhl_collector - WARNING - Не удалось определить названия команд для матча 2025021104
2026-03-17 13:17:41,813 - nhl_collector - INFO - Обработка матча ID: 2025021105
2026-03-17 13:17:42,813 - nhl_collector - INFO - Запрос статистики матча 2025021105
2026-03-17 13:17:43,018 - nhl_collector - WARNING - Не удалось определить названия команд для матча 2025021105
2026-03-17 13:17:43,018 - nhl_collector - INFO - Обработка матча ID: 2025021106
2026-03-17 13:17:44,018 - nhl_collector - INFO - Запрос статистики матча 2025021106
2026-03-17 13:17:44,199 - nhl_collector - WARNING - Не удалось определить названия команд для матча 2025021106
2026-03-17 13:17:44,199 - nhl_collector - INFO - Обработка матча ID: 2025021107
2026-03-17 13:17:45,200 - nhl_collector - INFO - Запрос статистики матча 2025021107
2026-03-17 13:17:45,378 - nhl_collector - WARNING - Не удалось определить названия команд для матча 2025021107
2026-03-17 13:17:45,379 - nhl_collector - INFO - Обработка матча ID: 2025021108
2026-03-17 13:17:46,379 - nhl_collector - INFO - Запрос статистики матча 2025021108
2026-03-17 13:17:46,568 - nhl_collector - WARNING - Не удалось определить названия команд для матча 2025021108
2026-03-17 13:17:46,568 - nhl_collector - INFO - Обработка матча ID: 2025021109
2026-03-17 13:17:47,569 - nhl_collector - INFO - Запрос статистики матча 2025021109
2026-03-17 13:17:47,800 - nhl_collector - WARNING - Не удалось определить названия команд для матча 2025021109
2026-03-17 13:17:47,800 - nhl_collector - INFO - Обработка матча ID: 2025021110
2026-03-17 13:17:48,801 - nhl_collector - INFO - Запрос статистики матча 2025021110
2026-03-17 13:17:48,991 - nhl_collector - WARNING - Не удалось определить названия команд для матча 2025021110
2026-03-17 13:17:48,991 - nhl_collector - INFO - Обработка матча ID: 2025021111
2026-03-17 13:17:49,992 - nhl_collector - INFO - Запрос статистики матча 2025021111
2026-03-17 13:17:50,199 - nhl_collector - WARNING - Не удалось определить названия команд для матча 2025021111
2026-03-17 13:17:50,199 - nhl_collector - INFO - Обработка матча ID: 2025021112
2026-03-17 13:17:51,199 - nhl_collector - INFO - Запрос статистики матча 2025021112
2026-03-17 13:17:51,392 - nhl_collector - WARNING - Не удалось определить названия команд для матча 2025021112
2026-03-17 13:17:51,392 - nhl_collector - INFO - Обработка матча ID: 2025021113
2026-03-17 13:17:52,392 - nhl_collector - INFO - Запрос статистики матча 2025021113
2026-03-17 13:17:52,559 - nhl_collector - WARNING - Не удалось определить названия команд для матча 2025021113
2026-03-17 13:17:52,559 - nhl_collector - INFO - Обработка матча ID: 2025021114
2026-03-17 13:17:53,559 - nhl_collector - INFO - Запрос статистики матча 2025021114
2026-03-17 13:17:53,735 - nhl_collector - WARNING - Не удалось определить названия команд для матча 2025021114
2026-03-17 13:17:53,735 - nhl_collector - INFO - Обработка матча ID: 2025021115
2026-03-17 13:17:54,736 - nhl_collector - INFO - Запрос статистики матча 2025021115
2026-03-17 13:17:54,906 - nhl_collector - WARNING - Не удалось определить названия команд для матча 2025021115
2026-03-17 13:17:54,907 - nhl_collector - INFO - Обработка матча ID: 2025021116
2026-03-17 13:17:55,907 - nhl_collector - INFO - Запрос статистики матча 2025021116
2026-03-17 13:17:56,085 - nhl_collector - WARNING - Не удалось определить названия команд для матча 2025021116
2026-03-17 13:17:56,085 - nhl_collector - INFO - Обработка матча ID: 2025021117
2026-03-17 13:17:57,085 - nhl_collector - INFO - Запрос статистики матча 2025021117
2026-03-17 13:17:57,296 - nhl_collector - WARNING - Не удалось определить названия команд для матча 2025021117
2026-03-17 13:17:57,296 - nhl_collector - INFO - Обработка матча ID: 2025021118
2026-03-17 13:17:58,297 - nhl_collector - INFO - Запрос статистики матча 2025021118
2026-03-17 13:17:58,452 - nhl_collector - WARNING - Не удалось определить названия команд для матча 2025021118
2026-03-17 13:17:58,453 - nhl_collector - INFO - Обработка матча ID: 2025021119
2026-03-17 13:17:59,453 - nhl_collector - INFO - Запрос статистики матча 2025021119
2026-03-17 13:17:59,627 - nhl_collector - WARNING - Не удалось определить названия команд для матча 2025021119
2026-03-17 13:17:59,627 - nhl_collector - INFO - Собрано 0 матчей НХЛ
2026-03-17 13:17:59,627 - nhl_collector - WARNING - Нет матчей для обработки
